<?xml version="1.0" encoding="UTF-8"?>
<!-- Generated by org.testng.reporters.JUnitXMLReporter -->
<testsuite hostname="DESKTOP-FID49DI" ignored="0" name="Default test" tests="7" failures="0" timestamp="26 Jul 2021 08:49:27 GMT" time="11.999" errors="0">
  <testcase name="userName_Field_Displayed" time="0.074" classname="com.testScript.AEquilibriumUI_Test"/>
  <testcase name="userName_Field_Enabled" time="0.041" classname="com.testScript.AEquilibriumUI_Test"/>
  <testcase name="password_Field_Displayed" time="0.088" classname="com.testScript.AEquilibriumUI_Test"/>
  <testcase name="password_Field_Enabled" time="0.037" classname="com.testScript.AEquilibriumUI_Test"/>
  <testcase name="login_Field_Displayed" time="0.055" classname="com.testScript.AEquilibriumUI_Test"/>
  <testcase name="login_Field_Enabled" time="0.029" classname="com.testScript.AEquilibriumUI_Test"/>
  <testcase name="no_input_Check_validation" time="0.259" classname="com.testScript.AEquilibriumUI_Test"/>
</testsuite> <!-- Default test -->
