<?xml version="1.0" encoding="UTF-8"?>
<testng-results skipped="0" failed="0" ignored="0" total="7" passed="7">
  <reporter-output>
  </reporter-output>
  <suite name="Default suite" duration-ms="11999" started-at="2021-07-26T08:49:15Z" finished-at="2021-07-26T08:49:27Z">
    <groups>
    </groups>
    <test name="Default test" duration-ms="11999" started-at="2021-07-26T08:49:15Z" finished-at="2021-07-26T08:49:27Z">
      <class name="com.testScript.AEquilibriumUI_Test">
        <test-method status="PASS" signature="init()[pri:0, instance:com.testScript.AEquilibriumUI_Test@13d61fb]" name="init" is-config="true" duration-ms="10673" started-at="2021-07-26T08:49:15Z" finished-at="2021-07-26T08:49:26Z">
          <reporter-output>
          </reporter-output>
        </test-method> <!-- init -->
        <test-method status="PASS" signature="userName_Field_Displayed()[pri:1, instance:com.testScript.AEquilibriumUI_Test@13d61fb]" name="userName_Field_Displayed" duration-ms="74" started-at="2021-07-26T08:49:26Z" finished-at="2021-07-26T08:49:26Z">
          <reporter-output>
          </reporter-output>
        </test-method> <!-- userName_Field_Displayed -->
        <test-method status="PASS" signature="tearDown(org.testng.ITestResult)[pri:0, instance:com.testScript.AEquilibriumUI_Test@13d61fb]" name="tearDown" is-config="true" duration-ms="2" started-at="2021-07-26T08:49:26Z" finished-at="2021-07-26T08:49:26Z">
          <params>
            <param index="0">
              <value>
                <![CDATA[[TestResult name=userName_Field_Displayed status=SUCCESS method=AEquilibriumUI_Test.userName_Field_Displayed()[pri:1, instance:com.testScript.AEquilibriumUI_Test@13d61fb] output={null}]]]>
              </value>
            </param>
          </params>
          <reporter-output>
          </reporter-output>
        </test-method> <!-- tearDown -->
        <test-method status="PASS" signature="userName_Field_Enabled()[pri:2, instance:com.testScript.AEquilibriumUI_Test@13d61fb]" name="userName_Field_Enabled" duration-ms="41" started-at="2021-07-26T08:49:26Z" finished-at="2021-07-26T08:49:26Z">
          <reporter-output>
          </reporter-output>
        </test-method> <!-- userName_Field_Enabled -->
        <test-method status="PASS" signature="tearDown(org.testng.ITestResult)[pri:0, instance:com.testScript.AEquilibriumUI_Test@13d61fb]" name="tearDown" is-config="true" duration-ms="1" started-at="2021-07-26T08:49:26Z" finished-at="2021-07-26T08:49:26Z">
          <params>
            <param index="0">
              <value>
                <![CDATA[[TestResult name=userName_Field_Enabled status=SUCCESS method=AEquilibriumUI_Test.userName_Field_Enabled()[pri:2, instance:com.testScript.AEquilibriumUI_Test@13d61fb] output={null}]]]>
              </value>
            </param>
          </params>
          <reporter-output>
          </reporter-output>
        </test-method> <!-- tearDown -->
        <test-method status="PASS" signature="password_Field_Displayed()[pri:3, instance:com.testScript.AEquilibriumUI_Test@13d61fb]" name="password_Field_Displayed" duration-ms="88" started-at="2021-07-26T08:49:26Z" finished-at="2021-07-26T08:49:26Z">
          <reporter-output>
          </reporter-output>
        </test-method> <!-- password_Field_Displayed -->
        <test-method status="PASS" signature="tearDown(org.testng.ITestResult)[pri:0, instance:com.testScript.AEquilibriumUI_Test@13d61fb]" name="tearDown" is-config="true" duration-ms="0" started-at="2021-07-26T08:49:26Z" finished-at="2021-07-26T08:49:26Z">
          <params>
            <param index="0">
              <value>
                <![CDATA[[TestResult name=password_Field_Displayed status=SUCCESS method=AEquilibriumUI_Test.password_Field_Displayed()[pri:3, instance:com.testScript.AEquilibriumUI_Test@13d61fb] output={null}]]]>
              </value>
            </param>
          </params>
          <reporter-output>
          </reporter-output>
        </test-method> <!-- tearDown -->
        <test-method status="PASS" signature="password_Field_Enabled()[pri:4, instance:com.testScript.AEquilibriumUI_Test@13d61fb]" name="password_Field_Enabled" duration-ms="37" started-at="2021-07-26T08:49:26Z" finished-at="2021-07-26T08:49:26Z">
          <reporter-output>
          </reporter-output>
        </test-method> <!-- password_Field_Enabled -->
        <test-method status="PASS" signature="tearDown(org.testng.ITestResult)[pri:0, instance:com.testScript.AEquilibriumUI_Test@13d61fb]" name="tearDown" is-config="true" duration-ms="1" started-at="2021-07-26T08:49:26Z" finished-at="2021-07-26T08:49:26Z">
          <params>
            <param index="0">
              <value>
                <![CDATA[[TestResult name=password_Field_Enabled status=SUCCESS method=AEquilibriumUI_Test.password_Field_Enabled()[pri:4, instance:com.testScript.AEquilibriumUI_Test@13d61fb] output={null}]]]>
              </value>
            </param>
          </params>
          <reporter-output>
          </reporter-output>
        </test-method> <!-- tearDown -->
        <test-method status="PASS" signature="login_Field_Displayed()[pri:5, instance:com.testScript.AEquilibriumUI_Test@13d61fb]" name="login_Field_Displayed" duration-ms="55" started-at="2021-07-26T08:49:26Z" finished-at="2021-07-26T08:49:26Z">
          <reporter-output>
          </reporter-output>
        </test-method> <!-- login_Field_Displayed -->
        <test-method status="PASS" signature="login_Field_Enabled()[pri:6, instance:com.testScript.AEquilibriumUI_Test@13d61fb]" name="login_Field_Enabled" duration-ms="29" started-at="2021-07-26T08:49:26Z" finished-at="2021-07-26T08:49:26Z">
          <reporter-output>
          </reporter-output>
        </test-method> <!-- login_Field_Enabled -->
        <test-method status="PASS" signature="tearDown(org.testng.ITestResult)[pri:0, instance:com.testScript.AEquilibriumUI_Test@13d61fb]" name="tearDown" is-config="true" duration-ms="0" started-at="2021-07-26T08:49:26Z" finished-at="2021-07-26T08:49:26Z">
          <params>
            <param index="0">
              <value>
                <![CDATA[[TestResult name=login_Field_Displayed status=SUCCESS method=AEquilibriumUI_Test.login_Field_Displayed()[pri:5, instance:com.testScript.AEquilibriumUI_Test@13d61fb] output={null}]]]>
              </value>
            </param>
          </params>
          <reporter-output>
          </reporter-output>
        </test-method> <!-- tearDown -->
        <test-method status="PASS" signature="tearDown(org.testng.ITestResult)[pri:0, instance:com.testScript.AEquilibriumUI_Test@13d61fb]" name="tearDown" is-config="true" duration-ms="1" started-at="2021-07-26T08:49:26Z" finished-at="2021-07-26T08:49:26Z">
          <params>
            <param index="0">
              <value>
                <![CDATA[[TestResult name=login_Field_Enabled status=SUCCESS method=AEquilibriumUI_Test.login_Field_Enabled()[pri:6, instance:com.testScript.AEquilibriumUI_Test@13d61fb] output={null}]]]>
              </value>
            </param>
          </params>
          <reporter-output>
          </reporter-output>
        </test-method> <!-- tearDown -->
        <test-method status="PASS" signature="no_input_Check_validation()[pri:7, instance:com.testScript.AEquilibriumUI_Test@13d61fb]" name="no_input_Check_validation" duration-ms="259" started-at="2021-07-26T08:49:26Z" finished-at="2021-07-26T08:49:26Z">
          <reporter-output>
          </reporter-output>
        </test-method> <!-- no_input_Check_validation -->
        <test-method status="PASS" signature="tearDown(org.testng.ITestResult)[pri:0, instance:com.testScript.AEquilibriumUI_Test@13d61fb]" name="tearDown" is-config="true" duration-ms="1" started-at="2021-07-26T08:49:26Z" finished-at="2021-07-26T08:49:26Z">
          <params>
            <param index="0">
              <value>
                <![CDATA[[TestResult name=no_input_Check_validation status=SUCCESS method=AEquilibriumUI_Test.no_input_Check_validation()[pri:7, instance:com.testScript.AEquilibriumUI_Test@13d61fb] output={null}]]]>
              </value>
            </param>
          </params>
          <reporter-output>
          </reporter-output>
        </test-method> <!-- tearDown -->
        <test-method status="PASS" signature="quit()[pri:0, instance:com.testScript.AEquilibriumUI_Test@13d61fb]" name="quit" is-config="true" duration-ms="696" started-at="2021-07-26T08:49:26Z" finished-at="2021-07-26T08:49:27Z">
          <reporter-output>
          </reporter-output>
        </test-method> <!-- quit -->
      </class> <!-- com.testScript.AEquilibriumUI_Test -->
    </test> <!-- Default test -->
  </suite> <!-- Default suite -->
</testng-results>
